2026-06-23T12:26:03Z INF Thank you for trying Cloudflare Tunnel. Doing so, without a Cloudflare account, is a quick way to experiment and try it out. However, be aware that these account-less Tunnels have no uptime guarantee, are subject to the Cloudflare Online Services Terms of Use (https://www.cloudflare.com/website-terms/), and Cloudflare reserves the right to investigate your use of Tunnels for violations of such terms. If you intend to use Tunnels in production you should use a pre-created named tunnel by following: https://developers.cloudflare.com/cloudflare-one/connections/connect-apps
2026-06-23T12:26:03Z INF Requesting new quick Tunnel on trycloudflare.com...
2026-06-23T12:26:08Z INF +--------------------------------------------------------------------------------------------+
2026-06-23T12:26:08Z INF |  Your quick Tunnel has been created! Visit it at (it may take some time to be reachable):  |
2026-06-23T12:26:08Z INF |  https://maternity-blink-steve-shareware.trycloudflare.com                                 |
2026-06-23T12:26:08Z INF +--------------------------------------------------------------------------------------------+
2026-06-23T12:26:08Z INF Cannot determine default configuration path. No file [config.yml config.yaml] in [~/.cloudflared ~/.cloudflare-warp ~/cloudflare-warp]
2026-06-23T12:26:08Z INF Version 2026.5.2 (Checksum 20b9638f685333d623798e733effbad2487093f15ba592f6c7752360ff3b7ab7)
2026-06-23T12:26:08Z INF GOOS: windows, GOVersion: go1.26.3, GoArch: amd64
2026-06-23T12:26:08Z INF Settings: map[ha-connections:1 protocol:quic url:http://localhost:8001]
2026-06-23T12:26:08Z INF cloudflared will not automatically update on Windows systems.
2026-06-23T12:26:08Z INF Generated Connector ID: 946ca3e7-9634-4ae7-af3e-cfb036ac4c82
2026-06-23T12:26:08Z INF Initial protocol quic
2026-06-23T12:26:08Z INF ICMP proxy will use 192.168.1.4 as source for IPv4
2026-06-23T12:26:08Z INF ICMP proxy will use fe80::8904:e26d:d2cc:4ce6 in zone Wi-Fi as source for IPv6
2026-06-23T12:26:08Z INF cloudflared does not support loading the system root certificate pool on Windows. Please use --origin-ca-pool <PATH> to specify the path to the certificate pool
2026-06-23T12:26:08Z INF ICMP proxy will use 192.168.1.4 as source for IPv4
2026-06-23T12:26:08Z INF Tunnel connection curve preferences: [X25519MLKEM768 CurveID(65074) CurveP256] connIndex=0 event=0 ip=198.41.200.193
2026-06-23T12:26:08Z INF ICMP proxy will use fe80::8904:e26d:d2cc:4ce6 in zone Wi-Fi as source for IPv6
2026-06-23T12:26:08Z INF Starting metrics server on 127.0.0.1:20241/metrics
2026-06-23T12:26:08Z INF +-------------------------------------------------------------------------------------+
2026-06-23T12:26:08Z INF |                               CONNECTIVITY PRE-CHECKS                               |
2026-06-23T12:26:08Z INF +-------------------------------------------------------------------------------------+
2026-06-23T12:26:08Z INF |  COMPONENT         TARGET                     STATUS  DETAILS                       |
2026-06-23T12:26:08Z INF |  DNS Resolution    region1.v2.argotunnel.com  PASS    DNS Resolved successfully     |
2026-06-23T12:26:08Z INF |  DNS Resolution    region2.v2.argotunnel.com  PASS    DNS Resolved successfully     |
2026-06-23T12:26:08Z INF |  UDP Connectivity  region1.v2.argotunnel.com  PASS    QUIC connection successful    |
2026-06-23T12:26:08Z INF |  UDP Connectivity  region2.v2.argotunnel.com  PASS    QUIC connection successful    |
2026-06-23T12:26:08Z INF |  TCP Connectivity  region1.v2.argotunnel.com  PASS    HTTP/2 connection successful  |
2026-06-23T12:26:08Z INF |  TCP Connectivity  region2.v2.argotunnel.com  PASS    HTTP/2 connection successful  |
2026-06-23T12:26:08Z INF |  Cloudflare API    api.cloudflare.com:443     PASS    API is reachable              |
2026-06-23T12:26:08Z INF |                                                                                     |
2026-06-23T12:26:08Z INF |  SUMMARY: Environment is healthy. cloudflared will use 'quic' as primary protocol.  |
2026-06-23T12:26:08Z INF +-------------------------------------------------------------------------------------+
2026-06-23T12:26:08Z INF precheck component="DNS Resolution" details="DNS Resolved successfully" run_id=b8c87dbf-595e-44f8-b011-edeb5e31b9aa status=pass target=region1.v2.argotunnel.com
2026-06-23T12:26:08Z INF precheck component="DNS Resolution" details="DNS Resolved successfully" run_id=b8c87dbf-595e-44f8-b011-edeb5e31b9aa status=pass target=region2.v2.argotunnel.com
2026-06-23T12:26:08Z INF precheck component="UDP Connectivity" details="QUIC connection successful" run_id=b8c87dbf-595e-44f8-b011-edeb5e31b9aa status=pass target=region1.v2.argotunnel.com
2026-06-23T12:26:08Z INF precheck component="UDP Connectivity" details="QUIC connection successful" run_id=b8c87dbf-595e-44f8-b011-edeb5e31b9aa status=pass target=region2.v2.argotunnel.com
2026-06-23T12:26:08Z INF precheck component="TCP Connectivity" details="HTTP/2 connection successful" run_id=b8c87dbf-595e-44f8-b011-edeb5e31b9aa status=pass target=region1.v2.argotunnel.com
2026-06-23T12:26:08Z INF precheck component="TCP Connectivity" details="HTTP/2 connection successful" run_id=b8c87dbf-595e-44f8-b011-edeb5e31b9aa status=pass target=region2.v2.argotunnel.com
2026-06-23T12:26:08Z INF precheck component="Cloudflare API" details="API is reachable" run_id=b8c87dbf-595e-44f8-b011-edeb5e31b9aa status=pass target=api.cloudflare.com:443
2026-06-23T12:26:08Z INF precheck complete hard_fail=false run_id=b8c87dbf-595e-44f8-b011-edeb5e31b9aa suggested_protocol=quic
2026-06-23T12:26:09Z INF Registered tunnel connection connIndex=0 connection=5cb1fb66-2bd8-4fcf-8943-e36920bc0d5c event=0 ip=198.41.200.193 location=bom12 protocol=quic
